2016-03-14 14:16:51,818 [INFO] laptop0 [Thread - pool-7-thread-2] handleRabbitMessage - Received configuration: [RATETOTAL,laptop0,DKD.,500,10]
2016-03-14 14:16:51,912 [INFO] laptop0 [Thread - pool-7-thread-4] handleRabbitMessage - Received configuration: [RATETOTAL,laptop0,DKD.,500,10]
2016-03-14 14:16:52,006 [INFO] laptop0 [Thread - pool-7-thread-6] handleRabbitMessage - Received configuration: [RATETOTAL,laptop0,DKD.,500,10]
2016-03-14 14:16:52,115 [INFO] laptop0 [Thread - pool-7-thread-7] handleRabbitMessage - Received configuration: [RATETOTAL,laptop0,DKD.,500,10]
2016-03-14 14:16:52,225 [INFO] laptop0 [Thread - pool-7-thread-8] handleRabbitMessage - Received configuration: [RATETOTAL,laptop0,DKD.,500,10]
2016-03-14 14:16:52,334 [INFO] laptop0 [Thread - pool-7-thread-9] handleRabbitMessage - Received configuration: [RATETOTAL,laptop0,DKD.,500,10]
2016-03-14 14:16:52,443 [INFO] laptop0 [Thread - pool-7-thread-10] handleRabbitMessage - Received configuration: [RATETOTAL,laptop0,DKD.,500,10]
2016-03-14 14:16:52,568 [INFO] laptop0 [Thread - pool-7-thread-11] handleRabbitMessage - Received configuration: [RATETOTAL,laptop0,DKD.,500,10]
2016-03-14 14:16:52,660 [INFO] laptop0 [Thread - pool-7-thread-12] handleRabbitMessage - Received configuration: [RATETOTAL,laptop0,DKD.,500,10]
2016-03-14 14:16:52,791 [INFO] laptop0 [Thread - pool-7-thread-13] handleRabbitMessage - Received configuration: [RATETOTAL,laptop0,DKD.,500,10]
2016-03-14 14:16:57,779 [INFO] laptop0 [Thread - pool-7-thread-14] handleRabbitMessage - Starting experiment
2016-03-14 14:16:57,835 [INFO] laptop0 [Thread - Thread-7] executeTest - Publishing message to, with corr id: [SEND,SensorData,DKD.DKDEM09.zwave01625CBE_459581,61]
2016-03-14 14:16:58,084 [INFO] laptop0 [Thread - Thread-6] executeTest - Publishing message to, with corr id: [SEND,SensorData,DKD.DKDEM01.DKDJ090108,51]
2016-03-14 14:16:58,096 [INFO] laptop0 [Thread - Thread-9] executeTest - Publishing message to, with corr id: [SEND,SensorData,DKD.DKDEM09.zwave01625CBE_460093,81]
2016-03-14 14:16:58,118 [INFO] laptop0 [Thread - Thread-11] executeTest - Publishing message to, with corr id: [SEND,SensorData,DKD.DKDEM09.zwave01625CBE_65585,101]
2016-03-14 14:16:58,217 [INFO] laptop0 [Thread - Thread-10] executeTest - Publishing message to, with corr id: [SEND,SensorData,DKD.DKDEM09.zwave01625CBE_67174449,91]
2016-03-14 14:16:58,234 [INFO] laptop0 [Thread - Thread-5] executeTest - Publishing message to, with corr id: [SEND,SensorData,DKD.DKDEM06.DKDJ060101,41]
2016-03-14 14:16:58,257 [INFO] laptop0 [Thread - Thread-3] executeTest - Publishing message to, with corr id: [SEND,SensorData,DKD.DKDEM01.DKDJ010112,21]
2016-03-14 14:16:58,290 [INFO] laptop0 [Thread - Thread-4] executeTest - Publishing message to, with corr id: [SEND,SensorData,DKD.DKDEM09.DKDJ090110,31]
2016-03-14 14:16:58,300 [INFO] laptop0 [Thread - Thread-2] executeTest - Publishing message to, with corr id: [SEND,SensorData,DKD.DKDEM01.DKDJ010105,11]
2016-03-14 14:16:58,333 [INFO] laptop0 [Thread - Thread-8] executeTest - Publishing message to, with corr id: [SEND,SensorData,DKD.DKDEM09.zwave01625CBE_327712,71]
2016-03-14 14:16:58,339 [INFO] laptop0 [Thread - Thread-7] executeTest - Publishing message to, with corr id: [SEND,SensorData,DKD.DKDEM09.DKDJ090111,62]
2016-03-14 14:16:58,347 [INFO] laptop0 [Thread - Thread-7] executeTest - Publishing message to, with corr id: [SEND,SensorData,DKD.DKDEM09.zwave01625CBE_393277,63]
2016-03-14 14:16:58,585 [INFO] laptop0 [Thread - Thread-6] executeTest - Publishing message to, with corr id: [SEND,SensorData,DKD.DKDEM03.DKDJ030109,52]
2016-03-14 14:16:58,585 [INFO] laptop0 [Thread - Thread-6] executeTest - Publishing message to, with corr id: [SEND,SensorData,DKD.DKDEM09.zwave01625CBE_393533,53]
2016-03-14 14:16:58,596 [INFO] laptop0 [Thread - Thread-9] executeTest - Publishing message to, with corr id: [SEND,SensorData,DKD.DKDEM09.zwave01625CBE_458789,82]
2016-03-14 14:16:58,596 [INFO] laptop0 [Thread - Thread-9] executeTest - Publishing message to, with corr id: [SEND,SensorData,DKD.DKDEM01.DKDJ010108,83]
2016-03-14 14:16:58,619 [INFO] laptop0 [Thread - Thread-11] executeTest - Publishing message to, with corr id: [SEND,SensorData,DKD.DKDEM09.zwave01625CBE_524349,102]
2016-03-14 14:16:58,619 [INFO] laptop0 [Thread - Thread-11] executeTest - Publishing message to, with corr id: [SEND,SensorData,DKD.DKDEM02.DKDJ020103,103]
2016-03-14 14:16:58,717 [INFO] laptop0 [Thread - Thread-10] executeTest - Publishing message to, with corr id: [SEND,SensorData,DKD.DKDEM03.DKDJ030106,92]
2016-03-14 14:16:58,729 [INFO] laptop0 [Thread - Thread-10] executeTest - Publishing message to, with corr id: [SEND,SensorData,DKD.DKDEM03.DKDJ030113,93]
2016-03-14 14:16:58,734 [INFO] laptop0 [Thread - Thread-5] executeTest - Publishing message to, with corr id: [SEND,SensorData,DKD.DKDEM09.zwave01625CBE_525629,42]
2016-03-14 14:16:58,777 [INFO] laptop0 [Thread - Thread-5] executeTest - Publishing message to, with corr id: [SEND,SensorData,DKD.DKDEM02.DKDJ020104,43]
2016-03-14 14:16:58,777 [INFO] laptop0 [Thread - Thread-3] executeTest - Publishing message to, with corr id: [SEND,SensorData,DKD.DKDEM09.zwave01625CBE_394813,22]
2016-03-14 14:16:58,778 [INFO] laptop0 [Thread - Thread-3] executeTest - Publishing message to, with corr id: [SEND,SensorData,DKD.DKDEM01.DKDJ010103,23]
2016-03-14 14:16:58,827 [INFO] laptop0 [Thread - Thread-4] executeTest - Publishing message to, with corr id: [SEND,SensorData,DKD.DKDEM09.zwave01625CBE_262147,32]
2016-03-14 14:16:58,827 [INFO] laptop0 [Thread - Thread-4] executeTest - Publishing message to, with corr id: [SEND,SensorData,DKD.DKDEM08.DKDJ080109,33]
2016-03-14 14:16:58,828 [INFO] laptop0 [Thread - Thread-2] executeTest - Publishing message to, with corr id: [SEND,SensorData,DKD.DKDEM09.zwave01625CBE_459837,12]
2016-03-14 14:16:58,829 [INFO] laptop0 [Thread - Thread-2] executeTest - Publishing message to, with corr id: [SEND,SensorData,DKD.DKDEM09.zwave01625CBE_394301,13]
2016-03-14 14:16:58,845 [INFO] laptop0 [Thread - Thread-8] executeTest - Publishing message to, with corr id: [SEND,SensorData,DKD.DKDEM06.DKDJ060106,72]
2016-03-14 14:16:58,849 [INFO] laptop0 [Thread - Thread-8] executeTest - Publishing message to, with corr id: [SEND,SensorData,DKD.DKDEM09.DKDJ090114,73]
2016-03-14 14:16:58,850 [INFO] laptop0 [Thread - Thread-7] executeTest - Publishing message to, with corr id: [SEND,SensorData,DKD.DKDEM09.zwave01625CBE_459325,64]
2016-03-14 14:16:58,850 [INFO] laptop0 [Thread - Thread-7] executeTest - Publishing message to, with corr id: [SEND,SensorData,DKD.DKDEM09.zwave01625CBE_525373,65]
2016-03-14 14:16:59,085 [INFO] laptop0 [Thread - Thread-6] executeTest - Publishing message to, with corr id: [SEND,SensorData,DKD.DKDEM09.zwave01625CBE_458789,54]
2016-03-14 14:16:59,086 [INFO] laptop0 [Thread - Thread-6] executeTest - Publishing message to, with corr id: [SEND,SensorData,DKD.DKDEM07.DKDJ070103,55]
2016-03-14 14:16:59,097 [INFO] laptop0 [Thread - Thread-9] executeTest - Publishing message to, with corr id: [SEND,SensorData,DKD.DKDEM06.DKDJ060101,84]
2016-03-14 14:16:59,099 [INFO] laptop0 [Thread - Thread-9] executeTest - Publishing message to, with corr id: [SEND,SensorData,DKD.DKDEM02.DKDJ020102,85]
2016-03-14 14:16:59,120 [INFO] laptop0 [Thread - Thread-11] executeTest - Publishing message to, with corr id: [SEND,SensorData,DKD.DKDEM02.DKDJ020102,104]
2016-03-14 14:16:59,120 [INFO] laptop0 [Thread - Thread-11] executeTest - Publishing message to, with corr id: [SEND,SensorData,DKD.DKDEM09.DKDJ090103,105]
2016-03-14 14:16:59,218 [INFO] laptop0 [Thread - Thread-10] executeTest - Publishing message to, with corr id: [SEND,SensorData,DKD.DKDEM03.DKDJ030110,94]
2016-03-14 14:16:59,229 [INFO] laptop0 [Thread - Thread-10] executeTest - Publishing message to, with corr id: [SEND,SensorData,DKD.DKDEM06.DKDJ060111,95]
2016-03-14 14:16:59,234 [INFO] laptop0 [Thread - Thread-5] executeTest - Publishing message to, with corr id: [SEND,SensorData,DKD.DKDEM09.zwave01625CBE_394813,44]
2016-03-14 14:16:59,291 [INFO] laptop0 [Thread - Thread-5] executeTest - Publishing message to, with corr id: [SEND,SensorData,DKD.DKDEM09.zwave01625CBE_394336,45]
2016-03-14 14:16:59,291 [INFO] laptop0 [Thread - Thread-3] executeTest - Publishing message to, with corr id: [SEND,SensorData,DKD.DKDEM01.DKDJ090101,24]
2016-03-14 14:16:59,310 [INFO] laptop0 [Thread - Thread-3] executeTest - Publishing message to, with corr id: [SEND,SensorData,DKD.DKDEM09.zwave01625CBE_459069,25]
2016-03-14 14:16:59,327 [INFO] laptop0 [Thread - Thread-4] executeTest - Publishing message to, with corr id: [SEND,SensorData,DKD.DKDEM02.DKDJ020111,34]
2016-03-14 14:16:59,329 [INFO] laptop0 [Thread - Thread-2] executeTest - Publishing message to, with corr id: [SEND,SensorData,DKD.DKDEM09.zwave01625CBE_328068,14]
2016-03-14 14:16:59,329 [INFO] laptop0 [Thread - Thread-4] executeTest - Publishing message to, with corr id: [SEND,SensorData,DKD.DKDEM02.DKDJ020103,35]
2016-03-14 14:16:59,331 [INFO] laptop0 [Thread - Thread-2] executeTest - Publishing message to, with corr id: [SEND,SensorData,DKD.DKDEM09.zwave01625CBE_33816625,15]
2016-03-14 14:16:59,349 [INFO] laptop0 [Thread - Thread-8] executeTest - Publishing message to, with corr id: [SEND,SensorData,DKD.DKDEM09.zwave01625CBE_524640,74]
2016-03-14 14:16:59,350 [INFO] laptop0 [Thread - Thread-7] executeTest - Publishing message to, with corr id: [SEND,SensorData,DKD.DKDEM09.zwave01625CBE_196611,66]
2016-03-14 14:16:59,350 [INFO] laptop0 [Thread - Thread-8] executeTest - Publishing message to, with corr id: [SEND,SensorData,DKD.DKDEM09.DKDJ090103,75]
2016-03-14 14:16:59,350 [INFO] laptop0 [Thread - Thread-7] executeTest - Publishing message to, with corr id: [SEND,SensorData,DKD.DKDEM09.zwave01625CBE_50462769,67]
2016-03-14 14:16:59,395 [INFO] laptop0 [Thread - pool-7-thread-7] handleRabbitMessage - Received response from, with corr id: [RECV,VDOrders,DKD.DKDEM01.DKDJ010112,21]
2016-03-14 14:16:59,395 [INFO] laptop0 [Thread - pool-7-thread-7] handleRabbitMessage - Answering to, with corr id: [SEND,,VDReply_Queue,21]
2016-03-14 14:16:59,404 [INFO] laptop0 [Thread - pool-7-thread-9] handleRabbitMessage - Received response from, with corr id: [RECV,VDOrders,DKD.DKDEM09.zwave01625CBE_67174449,91]
2016-03-14 14:16:59,405 [INFO] laptop0 [Thread - pool-7-thread-9] handleRabbitMessage - Answering to, with corr id: [SEND,,VDReply_Queue,91]
2016-03-14 14:16:59,417 [INFO] laptop0 [Thread - pool-7-thread-11] handleRabbitMessage - Received response from, with corr id: [RECV,VDOrders,DKD.DKDEM09.DKDJ090110,31]
2016-03-14 14:16:59,417 [INFO] laptop0 [Thread - pool-7-thread-11] handleRabbitMessage - Answering to, with corr id: [SEND,,VDReply_Queue,31]
2016-03-14 14:16:59,434 [INFO] laptop0 [Thread - pool-7-thread-13] handleRabbitMessage - Received response from, with corr id: [RECV,VDOrders,DKD.DKDEM06.DKDJ060101,41]
2016-03-14 14:16:59,434 [INFO] laptop0 [Thread - pool-7-thread-13] handleRabbitMessage - Answering to, with corr id: [SEND,,VDReply_Queue,41]
2016-03-14 14:16:59,452 [INFO] laptop0 [Thread - pool-7-thread-15] handleRabbitMessage - Received response from, with corr id: [RECV,VDOrders,DKD.DKDEM01.DKDJ090108,51]
2016-03-14 14:16:59,452 [INFO] laptop0 [Thread - pool-7-thread-15] handleRabbitMessage - Answering to, with corr id: [SEND,,VDReply_Queue,51]
2016-03-14 14:16:59,452 [INFO] laptop0 [Thread - pool-7-thread-16] handleRabbitMessage - Received response from, with corr id: [RECV,VDOrders,DKD.DKDEM09.zwave01625CBE_65585,101]
2016-03-14 14:16:59,452 [INFO] laptop0 [Thread - pool-7-thread-16] handleRabbitMessage - Answering to, with corr id: [SEND,,VDReply_Queue,101]
2016-03-14 14:16:59,461 [INFO] laptop0 [Thread - pool-7-thread-19] handleRabbitMessage - Received response from, with corr id: [RECV,VDOrders,DKD.DKDEM09.zwave01625CBE_460093,81]
2016-03-14 14:16:59,461 [INFO] laptop0 [Thread - pool-7-thread-19] handleRabbitMessage - Answering to, with corr id: [SEND,,VDReply_Queue,81]
2016-03-14 14:16:59,587 [INFO] laptop0 [Thread - Thread-6] executeTest - Publishing message to, with corr id: [SEND,SensorData,DKD.DKDEM09.zwave01625CBE_50790449,56]
2016-03-14 14:16:59,590 [INFO] laptop0 [Thread - Thread-6] executeTest - Publishing message to, with corr id: [SEND,SensorData,DKD.DKDEM09.zwave01625CBE_394045,57]
2016-03-14 14:16:59,599 [INFO] laptop0 [Thread - Thread-9] executeTest - Publishing message to, with corr id: [SEND,SensorData,DKD.DKDEM04.DKDJ040103,86]
2016-03-14 14:16:59,602 [INFO] laptop0 [Thread - Thread-9] executeTest - Publishing message to, with corr id: [SEND,SensorData,DKD.DKDEM09.zwave01625CBE_460349,87]
2016-03-14 14:16:59,620 [INFO] laptop0 [Thread - Thread-11] executeTest - Publishing message to, with corr id: [SEND,SensorData,DKD.DKDEM04.DKDJ040103,106]
2016-03-14 14:16:59,621 [INFO] laptop0 [Thread - Thread-11] executeTest - Publishing message to, with corr id: [SEND,SensorData,DKD.DKDEM01.DKDJ010109,107]
2016-03-14 14:16:59,624 [INFO] laptop0 [Thread - pool-7-thread-7] handleRabbitMessage - Received response from, with corr id: [RECV,VDOrders,DKD.DKDEM09.zwave01625CBE_459581,61]
2016-03-14 14:16:59,625 [INFO] laptop0 [Thread - pool-7-thread-7] handleRabbitMessage - Answering to, with corr id: [SEND,,VDReply_Queue,61]
2016-03-14 14:16:59,719 [INFO] laptop0 [Thread - Thread-10] executeTest - Publishing message to, with corr id: [SEND,SensorData,DKD.DKDEM08.DKDJ080110,96]
2016-03-14 14:16:59,729 [INFO] laptop0 [Thread - Thread-10] executeTest - Publishing message to, with corr id: [SEND,SensorData,DKD.DKDEM03.DKDJ030112,97]
2016-03-14 14:16:59,736 [INFO] laptop0 [Thread - Thread-5] executeTest - Publishing message to, with corr id: [SEND,SensorData,DKD.DKDEM09.zwave01625CBE_196736,46]
2016-03-14 14:16:59,793 [INFO] laptop0 [Thread - Thread-5] executeTest - Publishing message to, with corr id: [SEND,SensorData,DKD.DKDEM09.DKDJ090107,47]
2016-03-14 14:16:59,811 [INFO] laptop0 [Thread - Thread-3] executeTest - Publishing message to, with corr id: [SEND,SensorData,DKD.DKDEM01.DKDJ090101,26]
2016-03-14 14:16:59,811 [INFO] laptop0 [Thread - Thread-3] executeTest - Publishing message to, with corr id: [SEND,SensorData,DKD.DKDEM09.DKDJ090114,27]
2016-03-14 14:16:59,828 [INFO] laptop0 [Thread - Thread-4] executeTest - Publishing message to, with corr id: [SEND,SensorData,DKD.DKDEM09.zwave01625CBE_327683,36]
2016-03-14 14:16:59,829 [INFO] laptop0 [Thread - Thread-4] executeTest - Publishing message to, with corr id: [SEND,SensorData,DKD.DKDEM09.DKDJ090105,37]
2016-03-14 14:16:59,830 [INFO] laptop0 [Thread - Thread-2] executeTest - Publishing message to, with corr id: [SEND,SensorData,DKD.DKDEM02.DKDJ020104,16]
2016-03-14 14:16:59,832 [INFO] laptop0 [Thread - Thread-2] executeTest - Publishing message to, with corr id: [SEND,SensorData,DKD.DKDEM02.DKDJ020109,17]
2016-03-14 14:16:59,850 [INFO] laptop0 [Thread - Thread-8] executeTest - Publishing message to, with corr id: [SEND,SensorData,DKD.DKDEM09.zwave01625CBE_196736,76]
2016-03-14 14:16:59,850 [INFO] laptop0 [Thread - Thread-8] executeTest - Publishing message to, with corr id: [SEND,SensorData,DKD.DKDEM09.zwave01625CBE_67305521,77]
2016-03-14 14:16:59,851 [INFO] laptop0 [Thread - Thread-7] executeTest - Publishing message to, with corr id: [SEND,SensorData,DKD.DKDEM05.DKDJ050102,68]
2016-03-14 14:16:59,851 [INFO] laptop0 [Thread - Thread-7] executeTest - Publishing message to, with corr id: [SEND,SensorData,DKD.DKDEM02.DKDJ020107,69]
2016-03-14 14:17:00,088 [INFO] laptop0 [Thread - Thread-6] executeTest - Publishing message to, with corr id: [SEND,SensorData,DKD.DKDEM09.zwave01625CBE_33882161,58]
2016-03-14 14:17:00,091 [INFO] laptop0 [Thread - Thread-6] executeTest - Publishing message to, with corr id: [SEND,SensorData,DKD.DKDEM09.zwave01625CBE_394301,59]
2016-03-14 14:17:00,100 [INFO] laptop0 [Thread - Thread-9] executeTest - Publishing message to, with corr id: [SEND,SensorData,DKD.DKDEM03.DKDJ030103,88]
2016-03-14 14:17:00,102 [INFO] laptop0 [Thread - Thread-9] executeTest - Publishing message to, with corr id: [SEND,SensorData,DKD.DKDEM09.zwave01625CBE_524336,89]
2016-03-14 14:17:00,121 [INFO] laptop0 [Thread - Thread-11] executeTest - Publishing message to, with corr id: [SEND,SensorData,DKD.DKDEM09.zwave01625CBE_393248,108]
2016-03-14 14:17:00,121 [INFO] laptop0 [Thread - Thread-11] executeTest - Publishing message to, with corr id: [SEND,SensorData,DKD.DKDEM01.DKDJ010105,109]
2016-03-14 14:17:00,220 [INFO] laptop0 [Thread - Thread-10] executeTest - Publishing message to, with corr id: [SEND,SensorData,DKD.DKDEM04.DKDJ040107,98]
2016-03-14 14:17:00,231 [INFO] laptop0 [Thread - Thread-10] executeTest - Publishing message to, with corr id: [SEND,SensorData,DKD.DKDEM06.DKDJ060106,99]
2016-03-14 14:17:00,236 [INFO] laptop0 [Thread - Thread-5] executeTest - Publishing message to, with corr id: [SEND,SensorData,DKD.DKDEM08.DKDJ080104,48]
2016-03-14 14:17:00,293 [INFO] laptop0 [Thread - Thread-5] executeTest - Publishing message to, with corr id: [SEND,SensorData,DKD.DKDEM09.zwave01625CBE_460605,49]
2016-03-14 14:17:00,311 [INFO] laptop0 [Thread - Thread-3] executeTest - Publishing message to, with corr id: [SEND,SensorData,DKD.DKDEM09.zwave01625CBE_131200,28]
2016-03-14 14:17:00,313 [INFO] laptop0 [Thread - Thread-3] executeTest - Publishing message to, with corr id: [SEND,SensorData,DKD.DKDEM06.DKDJ060102,29]
2016-03-14 14:17:00,328 [INFO] laptop0 [Thread - Thread-4] executeTest - Publishing message to, with corr id: [SEND,SensorData,DKD.DKDEM09.zwave01625CBE_394336,38]
2016-03-14 14:17:00,329 [INFO] laptop0 [Thread - Thread-4] executeTest - Publishing message to, with corr id: [SEND,SensorData,DKD.DKDEM04.DKDJ040108,39]
2016-03-14 14:17:00,330 [INFO] laptop0 [Thread - Thread-2] executeTest - Publishing message to, with corr id: [SEND,SensorData,DKD.DKDEM08.DKDJ080105,18]
2016-03-14 14:17:00,332 [INFO] laptop0 [Thread - Thread-2] executeTest - Publishing message to, with corr id: [SEND,SensorData,DKD.DKDEM09.zwave01625CBE_393533,19]
2016-03-14 14:17:00,350 [INFO] laptop0 [Thread - Thread-8] executeTest - Publishing message to, with corr id: [SEND,SensorData,DKD.DKDEM09.DKDJ090105,78]
2016-03-14 14:17:00,350 [INFO] laptop0 [Thread - Thread-8] executeTest - Publishing message to, with corr id: [SEND,SensorData,DKD.DKDEM05.DKDJ050103,79]
2016-03-14 14:17:00,351 [INFO] laptop0 [Thread - Thread-7] executeTest - Publishing message to, with corr id: [SEND,SensorData,DKD.DKDEM09.zwave01625CBE_262272,70]
2016-03-14 14:17:00,437 [INFO] laptop0 [Thread - pool-7-thread-3] handleRabbitMessage - Received response from, with corr id: [RECV,VDOrders,DKD.DKDEM01.DKDJ010105,11]
2016-03-14 14:17:00,438 [INFO] laptop0 [Thread - pool-7-thread-3] handleRabbitMessage - Answering to, with corr id: [SEND,,VDReply_Queue,11]
2016-03-14 14:17:00,589 [INFO] laptop0 [Thread - Thread-6] executeTest - Publishing message to, with corr id: [SEND,SensorData,DKD.DKDEM09.zwave01625CBE_460093,60]
2016-03-14 14:17:00,603 [INFO] laptop0 [Thread - Thread-9] executeTest - Publishing message to, with corr id: [SEND,SensorData,DKD.DKDEM09.zwave01625CBE_459325,90]
2016-03-14 14:17:00,621 [INFO] laptop0 [Thread - Thread-11] executeTest - Publishing message to, with corr id: [SEND,SensorData,DKD.DKDEM09.zwave01625CBE_524861,110]
2016-03-14 14:17:00,705 [INFO] laptop0 [Thread - pool-7-thread-7] handleRabbitMessage - Received response from, with corr id: [RECV,VDOrders,DKD.DKDEM09.zwave01625CBE_393277,63]
2016-03-14 14:17:00,706 [INFO] laptop0 [Thread - pool-7-thread-7] handleRabbitMessage - Answering to, with corr id: [SEND,,VDReply_Queue,63]
2016-03-14 14:17:00,719 [INFO] laptop0 [Thread - pool-7-thread-9] handleRabbitMessage - Received response from, with corr id: [RECV,VDOrders,DKD.DKDEM03.DKDJ030109,52]
2016-03-14 14:17:00,720 [INFO] laptop0 [Thread - Thread-10] executeTest - Publishing message to, with corr id: [SEND,SensorData,DKD.DKDEM09.zwave01625CBE_393824,100]
2016-03-14 14:17:00,720 [INFO] laptop0 [Thread - pool-7-thread-9] handleRabbitMessage - Answering to, with corr id: [SEND,,VDReply_Queue,52]
2016-03-14 14:17:00,735 [INFO] laptop0 [Thread - pool-7-thread-12] handleRabbitMessage - Received response from, with corr id: [RECV,VDOrders,DKD.DKDEM09.zwave01625CBE_327712,71]
2016-03-14 14:17:00,736 [INFO] laptop0 [Thread - pool-7-thread-12] handleRabbitMessage - Answering to, with corr id: [SEND,,VDReply_Queue,71]
2016-03-14 14:17:00,736 [INFO] laptop0 [Thread - Thread-5] executeTest - Publishing message to, with corr id: [SEND,SensorData,DKD.DKDEM04.DKDJ040105,50]
2016-03-14 14:17:00,789 [INFO] laptop0 [Thread - pool-7-thread-15] handleRabbitMessage - Received response from, with corr id: [RECV,VDOrders,DKD.DKDEM09.DKDJ090111,62]
2016-03-14 14:17:00,790 [INFO] laptop0 [Thread - pool-7-thread-15] handleRabbitMessage - Answering to, with corr id: [SEND,,VDReply_Queue,62]
2016-03-14 14:17:00,806 [INFO] laptop0 [Thread - pool-7-thread-16] handleRabbitMessage - Received response from, with corr id: [RECV,VDOrders,DKD.DKDEM09.zwave01625CBE_393533,53]
2016-03-14 14:17:00,807 [INFO] laptop0 [Thread - pool-7-thread-16] handleRabbitMessage - Answering to, with corr id: [SEND,,VDReply_Queue,53]
2016-03-14 14:17:00,807 [INFO] laptop0 [Thread - pool-7-thread-18] handleRabbitMessage - Received response from, with corr id: [RECV,VDOrders,DKD.DKDEM09.zwave01625CBE_458789,82]
2016-03-14 14:17:00,808 [INFO] laptop0 [Thread - pool-7-thread-18] handleRabbitMessage - Answering to, with corr id: [SEND,,VDReply_Queue,82]
2016-03-14 14:17:00,812 [INFO] laptop0 [Thread - Thread-3] executeTest - Publishing message to, with corr id: [SEND,SensorData,DKD.DKDEM09.DKDJ090106,30]
2016-03-14 14:17:00,829 [INFO] laptop0 [Thread - Thread-4] executeTest - Publishing message to, with corr id: [SEND,SensorData,DKD.DKDEM09.DKDJ090106,40]
2016-03-14 14:17:00,831 [INFO] laptop0 [Thread - Thread-2] executeTest - Publishing message to, with corr id: [SEND,SensorData,DKD.DKDEM09.DKDJ090107,20]
2016-03-14 14:17:00,851 [INFO] laptop0 [Thread - Thread-8] executeTest - Publishing message to, with corr id: [SEND,SensorData,DKD.DKDEM05.DKDJ050103,80]
2016-03-14 14:17:00,851 [INFO] laptop0 [Thread - pool-7-thread-2] handleRabbitMessage - Received response from, with corr id: [RECV,VDOrders,DKD.DKDEM01.DKDJ010108,83]
2016-03-14 14:17:00,851 [INFO] laptop0 [Thread - Thread-8] executeTest - Ended experiment
2016-03-14 14:17:00,851 [INFO] laptop0 [Thread - pool-7-thread-2] handleRabbitMessage - Answering to, with corr id: [SEND,,VDReply_Queue,83]
2016-03-14 14:17:00,866 [INFO] laptop0 [Thread - pool-7-thread-7] handleRabbitMessage - Received response from, with corr id: [RECV,VDOrders,DKD.DKDEM09.zwave01625CBE_524349,102]
2016-03-14 14:17:00,866 [INFO] laptop0 [Thread - pool-7-thread-7] handleRabbitMessage - Answering to, with corr id: [SEND,,VDReply_Queue,102]
2016-03-14 14:17:00,897 [INFO] laptop0 [Thread - pool-7-thread-10] handleRabbitMessage - Received response from, with corr id: [RECV,VDOrders,DKD.DKDEM02.DKDJ020103,103]
2016-03-14 14:17:00,897 [INFO] laptop0 [Thread - pool-7-thread-10] handleRabbitMessage - Answering to, with corr id: [SEND,,VDReply_Queue,103]
2016-03-14 14:17:02,158 [INFO] laptop0 [Thread - pool-7-thread-11] handleRabbitMessage - Received response from, with corr id: [RECV,VDOrders,DKD.DKDEM03.DKDJ030106,92]
2016-03-14 14:17:02,158 [INFO] laptop0 [Thread - pool-7-thread-11] handleRabbitMessage - Answering to, with corr id: [SEND,,VDReply_Queue,92]
2016-03-14 14:17:02,158 [INFO] laptop0 [Thread - pool-7-thread-13] handleRabbitMessage - Received response from, with corr id: [RECV,VDOrders,DKD.DKDEM03.DKDJ030113,93]
2016-03-14 14:17:02,158 [INFO] laptop0 [Thread - pool-7-thread-13] handleRabbitMessage - Answering to, with corr id: [SEND,,VDReply_Queue,93]
2016-03-14 14:17:02,158 [INFO] laptop0 [Thread - pool-7-thread-15] handleRabbitMessage - Received response from, with corr id: [RECV,VDOrders,DKD.DKDEM09.zwave01625CBE_525629,42]
2016-03-14 14:17:02,158 [INFO] laptop0 [Thread - pool-7-thread-15] handleRabbitMessage - Answering to, with corr id: [SEND,,VDReply_Queue,42]
2016-03-14 14:17:02,174 [INFO] laptop0 [Thread - pool-7-thread-16] handleRabbitMessage - Received response from, with corr id: [RECV,VDOrders,DKD.DKDEM02.DKDJ020104,43]
2016-03-14 14:17:02,174 [INFO] laptop0 [Thread - pool-7-thread-16] handleRabbitMessage - Answering to, with corr id: [SEND,,VDReply_Queue,43]
2016-03-14 14:17:02,189 [INFO] laptop0 [Thread - pool-7-thread-20] handleRabbitMessage - Received response from, with corr id: [RECV,VDOrders,DKD.DKDEM09.zwave01625CBE_394813,22]
2016-03-14 14:17:02,189 [INFO] laptop0 [Thread - pool-7-thread-20] handleRabbitMessage - Answering to, with corr id: [SEND,,VDReply_Queue,22]
2016-03-14 14:17:02,189 [INFO] laptop0 [Thread - pool-7-thread-1] handleRabbitMessage - Received response from, with corr id: [RECV,VDOrders,DKD.DKDEM01.DKDJ010103,23]
2016-03-14 14:17:02,189 [INFO] laptop0 [Thread - pool-7-thread-1] handleRabbitMessage - Answering to, with corr id: [SEND,,VDReply_Queue,23]
2016-03-14 14:17:02,189 [INFO] laptop0 [Thread - pool-7-thread-5] handleRabbitMessage - Received response from, with corr id: [RECV,VDOrders,DKD.DKDEM09.zwave01625CBE_459837,12]
2016-03-14 14:17:02,189 [INFO] laptop0 [Thread - pool-7-thread-5] handleRabbitMessage - Answering to, with corr id: [SEND,,VDReply_Queue,12]
2016-03-14 14:17:02,189 [INFO] laptop0 [Thread - pool-7-thread-2] handleRabbitMessage - Received response from, with corr id: [RECV,VDOrders,DKD.DKDEM09.zwave01625CBE_262147,32]
2016-03-14 14:17:02,189 [INFO] laptop0 [Thread - pool-7-thread-7] handleRabbitMessage - Received response from, with corr id: [RECV,VDOrders,DKD.DKDEM09.zwave01625CBE_394301,13]
2016-03-14 14:17:02,189 [INFO] laptop0 [Thread - pool-7-thread-2] handleRabbitMessage - Answering to, with corr id: [SEND,,VDReply_Queue,32]
2016-03-14 14:17:02,189 [INFO] laptop0 [Thread - pool-7-thread-7] handleRabbitMessage - Answering to, with corr id: [SEND,,VDReply_Queue,13]
2016-03-14 14:17:02,189 [INFO] laptop0 [Thread - pool-7-thread-2] handleRabbitMessage - Received response from, with corr id: [RECV,VDOrders,DKD.DKDEM06.DKDJ060106,72]
2016-03-14 14:17:02,189 [INFO] laptop0 [Thread - pool-7-thread-6] handleRabbitMessage - Received response from, with corr id: [RECV,VDOrders,DKD.DKDEM08.DKDJ080109,33]
2016-03-14 14:17:02,189 [INFO] laptop0 [Thread - pool-7-thread-2] handleRabbitMessage - Answering to, with corr id: [SEND,,VDReply_Queue,72]
2016-03-14 14:17:02,189 [INFO] laptop0 [Thread - pool-7-thread-6] handleRabbitMessage - Answering to, with corr id: [SEND,,VDReply_Queue,33]
2016-03-14 14:17:02,189 [INFO] laptop0 [Thread - pool-7-thread-7] handleRabbitMessage - Received response from, with corr id: [RECV,VDOrders,DKD.DKDEM09.DKDJ090114,73]
2016-03-14 14:17:02,189 [INFO] laptop0 [Thread - pool-7-thread-2] handleRabbitMessage - Received response from, with corr id: [RECV,VDOrders,DKD.DKDEM09.zwave01625CBE_458789,54]
2016-03-14 14:17:02,189 [INFO] laptop0 [Thread - pool-7-thread-8] handleRabbitMessage - Received response from, with corr id: [RECV,VDOrders,DKD.DKDEM09.zwave01625CBE_459325,64]
2016-03-14 14:17:02,189 [INFO] laptop0 [Thread - pool-7-thread-6] handleRabbitMessage - Received response from, with corr id: [RECV,VDOrders,DKD.DKDEM09.zwave01625CBE_525373,65]
2016-03-14 14:17:02,189 [INFO] laptop0 [Thread - pool-7-thread-2] handleRabbitMessage - Answering to, with corr id: [SEND,,VDReply_Queue,54]
2016-03-14 14:17:02,189 [INFO] laptop0 [Thread - pool-7-thread-7] handleRabbitMessage - Answering to, with corr id: [SEND,,VDReply_Queue,73]
2016-03-14 14:17:02,189 [INFO] laptop0 [Thread - pool-7-thread-6] handleRabbitMessage - Answering to, with corr id: [SEND,,VDReply_Queue,65]
2016-03-14 14:17:02,189 [INFO] laptop0 [Thread - pool-7-thread-7] handleRabbitMessage - Received response from, with corr id: [RECV,VDOrders,DKD.DKDEM07.DKDJ070103,55]
2016-03-14 14:17:02,189 [INFO] laptop0 [Thread - pool-7-thread-8] handleRabbitMessage - Answering to, with corr id: [SEND,,VDReply_Queue,64]
2016-03-14 14:17:02,189 [INFO] laptop0 [Thread - pool-7-thread-7] handleRabbitMessage - Answering to, with corr id: [SEND,,VDReply_Queue,55]
2016-03-14 14:17:02,205 [INFO] laptop0 [Thread - pool-7-thread-5] handleRabbitMessage - Received response from, with corr id: [RECV,VDOrders,DKD.DKDEM06.DKDJ060101,84]
2016-03-14 14:17:02,205 [INFO] laptop0 [Thread - pool-7-thread-5] handleRabbitMessage - Answering to, with corr id: [SEND,,VDReply_Queue,84]
2016-03-14 14:17:02,205 [INFO] laptop0 [Thread - pool-7-thread-10] handleRabbitMessage - Received response from, with corr id: [RECV,VDOrders,DKD.DKDEM02.DKDJ020102,85]
2016-03-14 14:17:02,205 [INFO] laptop0 [Thread - pool-7-thread-10] handleRabbitMessage - Answering to, with corr id: [SEND,,VDReply_Queue,85]
2016-03-14 14:17:02,205 [INFO] laptop0 [Thread - pool-7-thread-11] handleRabbitMessage - Received response from, with corr id: [RECV,VDOrders,DKD.DKDEM02.DKDJ020102,104]
2016-03-14 14:17:02,205 [INFO] laptop0 [Thread - pool-7-thread-11] handleRabbitMessage - Answering to, with corr id: [SEND,,VDReply_Queue,104]
2016-03-14 14:17:02,330 [INFO] laptop0 [Thread - pool-7-thread-13] handleRabbitMessage - Received response from, with corr id: [RECV,VDOrders,DKD.DKDEM09.DKDJ090103,105]
2016-03-14 14:17:02,330 [INFO] laptop0 [Thread - pool-7-thread-13] handleRabbitMessage - Answering to, with corr id: [SEND,,VDReply_Queue,105]
2016-03-14 14:17:02,504 [INFO] laptop0 [Thread - pool-7-thread-15] handleRabbitMessage - Received response from, with corr id: [RECV,VDOrders,DKD.DKDEM03.DKDJ030110,94]
2016-03-14 14:17:02,504 [INFO] laptop0 [Thread - pool-7-thread-15] handleRabbitMessage - Answering to, with corr id: [SEND,,VDReply_Queue,94]
2016-03-14 14:17:02,504 [INFO] laptop0 [Thread - pool-7-thread-15] handleRabbitMessage - Received response from, with corr id: [RECV,VDOrders,DKD.DKDEM06.DKDJ060111,95]
2016-03-14 14:17:02,504 [INFO] laptop0 [Thread - pool-7-thread-15] handleRabbitMessage - Answering to, with corr id: [SEND,,VDReply_Queue,95]
2016-03-14 14:17:02,504 [INFO] laptop0 [Thread - pool-7-thread-8] handleRabbitMessage - Received response from, with corr id: [RECV,VDOrders,DKD.DKDEM09.zwave01625CBE_394813,44]
2016-03-14 14:17:02,504 [INFO] laptop0 [Thread - pool-7-thread-19] handleRabbitMessage - Received response from, with corr id: [RECV,VDOrders,DKD.DKDEM09.zwave01625CBE_394336,45]
2016-03-14 14:17:02,504 [INFO] laptop0 [Thread - pool-7-thread-8] handleRabbitMessage - Answering to, with corr id: [SEND,,VDReply_Queue,44]
2016-03-14 14:17:02,504 [INFO] laptop0 [Thread - pool-7-thread-19] handleRabbitMessage - Answering to, with corr id: [SEND,,VDReply_Queue,45]
2016-03-14 14:17:02,707 [INFO] laptop0 [Thread - pool-7-thread-18] handleRabbitMessage - Received response from, with corr id: [RECV,VDOrders,DKD.DKDEM01.DKDJ090101,24]
2016-03-14 14:17:02,707 [INFO] laptop0 [Thread - pool-7-thread-18] handleRabbitMessage - Answering to, with corr id: [SEND,,VDReply_Queue,24]
2016-03-14 14:17:02,723 [INFO] laptop0 [Thread - pool-7-thread-3] handleRabbitMessage - Received response from, with corr id: [RECV,VDOrders,DKD.DKDEM09.zwave01625CBE_459069,25]
2016-03-14 14:17:02,723 [INFO] laptop0 [Thread - pool-7-thread-3] handleRabbitMessage - Answering to, with corr id: [SEND,,VDReply_Queue,25]
2016-03-14 14:17:02,957 [INFO] laptop0 [Thread - pool-7-thread-4] handleRabbitMessage - Received response from, with corr id: [RECV,VDOrders,DKD.DKDEM02.DKDJ020111,34]
2016-03-14 14:17:02,957 [INFO] laptop0 [Thread - pool-7-thread-4] handleRabbitMessage - Answering to, with corr id: [SEND,,VDReply_Queue,34]
2016-03-14 14:17:02,957 [INFO] laptop0 [Thread - pool-7-thread-10] handleRabbitMessage - Received response from, with corr id: [RECV,VDOrders,DKD.DKDEM09.zwave01625CBE_328068,14]
2016-03-14 14:17:02,957 [INFO] laptop0 [Thread - pool-7-thread-10] handleRabbitMessage - Answering to, with corr id: [SEND,,VDReply_Queue,14]
2016-03-14 14:17:02,957 [INFO] laptop0 [Thread - pool-7-thread-9] handleRabbitMessage - Received response from, with corr id: [RECV,VDOrders,DKD.DKDEM02.DKDJ020103,35]
2016-03-14 14:17:02,957 [INFO] laptop0 [Thread - pool-7-thread-9] handleRabbitMessage - Answering to, with corr id: [SEND,,VDReply_Queue,35]
2016-03-14 14:17:02,973 [INFO] laptop0 [Thread - pool-7-thread-13] handleRabbitMessage - Received response from, with corr id: [RECV,VDOrders,DKD.DKDEM09.zwave01625CBE_33816625,15]
2016-03-14 14:17:02,973 [INFO] laptop0 [Thread - pool-7-thread-13] handleRabbitMessage - Answering to, with corr id: [SEND,,VDReply_Queue,15]
2016-03-14 14:17:02,989 [INFO] laptop0 [Thread - pool-7-thread-16] handleRabbitMessage - Received response from, with corr id: [RECV,VDOrders,DKD.DKDEM09.zwave01625CBE_524640,74]
2016-03-14 14:17:02,989 [INFO] laptop0 [Thread - pool-7-thread-16] handleRabbitMessage - Answering to, with corr id: [SEND,,VDReply_Queue,74]
2016-03-14 14:17:03,082 [INFO] laptop0 [Thread - pool-7-thread-15] handleRabbitMessage - Received response from, with corr id: [RECV,VDOrders,DKD.DKDEM09.zwave01625CBE_196611,66]
2016-03-14 14:17:03,082 [INFO] laptop0 [Thread - pool-7-thread-15] handleRabbitMessage - Answering to, with corr id: [SEND,,VDReply_Queue,66]
2016-03-14 14:17:03,098 [INFO] laptop0 [Thread - pool-7-thread-8] handleRabbitMessage - Received response from, with corr id: [RECV,VDOrders,DKD.DKDEM09.zwave01625CBE_50462769,67]
2016-03-14 14:17:03,098 [INFO] laptop0 [Thread - pool-7-thread-8] handleRabbitMessage - Answering to, with corr id: [SEND,,VDReply_Queue,67]
2016-03-14 14:17:03,129 [INFO] laptop0 [Thread - pool-7-thread-2] handleRabbitMessage - Received response from, with corr id: [RECV,VDOrders,DKD.DKDEM09.DKDJ090103,75]
2016-03-14 14:17:03,129 [INFO] laptop0 [Thread - pool-7-thread-2] handleRabbitMessage - Answering to, with corr id: [SEND,,VDReply_Queue,75]
2016-03-14 14:17:03,410 [INFO] laptop0 [Thread - pool-7-thread-18] handleRabbitMessage - Received response from, with corr id: [RECV,VDOrders,DKD.DKDEM01.DKDJ010109,107]
2016-03-14 14:17:03,410 [INFO] laptop0 [Thread - pool-7-thread-18] handleRabbitMessage - Answering to, with corr id: [SEND,,VDReply_Queue,107]
2016-03-14 14:17:03,473 [INFO] laptop0 [Thread - pool-7-thread-3] handleRabbitMessage - Received response from, with corr id: [RECV,VDOrders,DKD.DKDEM04.DKDJ040103,106]
2016-03-14 14:17:03,473 [INFO] laptop0 [Thread - pool-7-thread-3] handleRabbitMessage - Answering to, with corr id: [SEND,,VDReply_Queue,106]
2016-03-14 14:17:03,473 [INFO] laptop0 [Thread - pool-7-thread-4] handleRabbitMessage - Received response from, with corr id: [RECV,VDOrders,DKD.DKDEM09.zwave01625CBE_460349,87]
2016-03-14 14:17:03,473 [INFO] laptop0 [Thread - pool-7-thread-4] handleRabbitMessage - Answering to, with corr id: [SEND,,VDReply_Queue,87]
2016-03-14 14:17:03,489 [INFO] laptop0 [Thread - pool-7-thread-9] handleRabbitMessage - Received response from, with corr id: [RECV,VDOrders,DKD.DKDEM09.zwave01625CBE_394045,57]
2016-03-14 14:17:03,489 [INFO] laptop0 [Thread - pool-7-thread-9] handleRabbitMessage - Answering to, with corr id: [SEND,,VDReply_Queue,57]
2016-03-14 14:17:03,520 [INFO] laptop0 [Thread - pool-7-thread-10] handleRabbitMessage - Received response from, with corr id: [RECV,VDOrders,DKD.DKDEM04.DKDJ040103,86]
2016-03-14 14:17:03,520 [INFO] laptop0 [Thread - pool-7-thread-10] handleRabbitMessage - Answering to, with corr id: [SEND,,VDReply_Queue,86]
2016-03-14 14:17:03,520 [INFO] laptop0 [Thread - pool-7-thread-13] handleRabbitMessage - Received response from, with corr id: [RECV,VDOrders,DKD.DKDEM09.zwave01625CBE_50790449,56]
2016-03-14 14:17:03,520 [INFO] laptop0 [Thread - pool-7-thread-13] handleRabbitMessage - Answering to, with corr id: [SEND,,VDReply_Queue,56]
2016-03-14 14:17:03,535 [INFO] laptop0 [Thread - pool-7-thread-16] handleRabbitMessage - Received response from, with corr id: [RECV,VDOrders,DKD.DKDEM01.DKDJ090101,26]
2016-03-14 14:17:03,535 [INFO] laptop0 [Thread - pool-7-thread-16] handleRabbitMessage - Answering to, with corr id: [SEND,,VDReply_Queue,26]
2016-03-14 14:17:03,551 [INFO] laptop0 [Thread - pool-7-thread-15] handleRabbitMessage - Received response from, with corr id: [RECV,VDOrders,DKD.DKDEM09.DKDJ090114,27]
2016-03-14 14:17:03,551 [INFO] laptop0 [Thread - pool-7-thread-15] handleRabbitMessage - Answering to, with corr id: [SEND,,VDReply_Queue,27]
2016-03-14 14:17:03,567 [INFO] laptop0 [Thread - pool-7-thread-8] handleRabbitMessage - Received response from, with corr id: [RECV,VDOrders,DKD.DKDEM08.DKDJ080110,96]
2016-03-14 14:17:03,567 [INFO] laptop0 [Thread - pool-7-thread-8] handleRabbitMessage - Answering to, with corr id: [SEND,,VDReply_Queue,96]
2016-03-14 14:17:03,582 [INFO] laptop0 [Thread - pool-7-thread-2] handleRabbitMessage - Received response from, with corr id: [RECV,VDOrders,DKD.DKDEM03.DKDJ030112,97]
2016-03-14 14:17:03,582 [INFO] laptop0 [Thread - pool-7-thread-2] handleRabbitMessage - Answering to, with corr id: [SEND,,VDReply_Queue,97]
2016-03-14 14:17:03,582 [INFO] laptop0 [Thread - pool-7-thread-18] handleRabbitMessage - Received response from, with corr id: [RECV,VDOrders,DKD.DKDEM09.zwave01625CBE_196736,46]
2016-03-14 14:17:03,582 [INFO] laptop0 [Thread - pool-7-thread-18] handleRabbitMessage - Answering to, with corr id: [SEND,,VDReply_Queue,46]
2016-03-14 14:17:03,613 [INFO] laptop0 [Thread - pool-7-thread-3] handleRabbitMessage - Received response from, with corr id: [RECV,VDOrders,DKD.DKDEM09.DKDJ090107,47]
2016-03-14 14:17:03,613 [INFO] laptop0 [Thread - pool-7-thread-3] handleRabbitMessage - Answering to, with corr id: [SEND,,VDReply_Queue,47]
2016-03-14 14:17:03,629 [INFO] laptop0 [Thread - pool-7-thread-4] handleRabbitMessage - Received response from, with corr id: [RECV,VDOrders,DKD.DKDEM02.DKDJ020109,17]
2016-03-14 14:17:03,629 [INFO] laptop0 [Thread - pool-7-thread-4] handleRabbitMessage - Answering to, with corr id: [SEND,,VDReply_Queue,17]
2016-03-14 14:17:03,754 [INFO] laptop0 [Thread - pool-7-thread-9] handleRabbitMessage - Received response from, with corr id: [RECV,VDOrders,DKD.DKDEM02.DKDJ020104,16]
2016-03-14 14:17:03,754 [INFO] laptop0 [Thread - pool-7-thread-9] handleRabbitMessage - Answering to, with corr id: [SEND,,VDReply_Queue,16]
2016-03-14 14:17:03,754 [INFO] laptop0 [Thread - pool-7-thread-10] handleRabbitMessage - Received response from, with corr id: [RECV,VDOrders,DKD.DKDEM09.DKDJ090105,37]
2016-03-14 14:17:03,754 [INFO] laptop0 [Thread - pool-7-thread-10] handleRabbitMessage - Answering to, with corr id: [SEND,,VDReply_Queue,37]
2016-03-14 14:17:03,770 [INFO] laptop0 [Thread - pool-7-thread-13] handleRabbitMessage - Received response from, with corr id: [RECV,VDOrders,DKD.DKDEM09.zwave01625CBE_67305521,77]
2016-03-14 14:17:03,770 [INFO] laptop0 [Thread - pool-7-thread-13] handleRabbitMessage - Answering to, with corr id: [SEND,,VDReply_Queue,77]
2016-03-14 14:17:03,801 [INFO] laptop0 [Thread - pool-7-thread-16] handleRabbitMessage - Received response from, with corr id: [RECV,VDOrders,DKD.DKDEM09.zwave01625CBE_327683,36]
2016-03-14 14:17:03,801 [INFO] laptop0 [Thread - pool-7-thread-16] handleRabbitMessage - Answering to, with corr id: [SEND,,VDReply_Queue,36]
2016-03-14 14:17:03,817 [INFO] laptop0 [Thread - pool-7-thread-15] handleRabbitMessage - Received response from, with corr id: [RECV,VDOrders,DKD.DKDEM09.zwave01625CBE_196736,76]
2016-03-14 14:17:03,817 [INFO] laptop0 [Thread - pool-7-thread-15] handleRabbitMessage - Answering to, with corr id: [SEND,,VDReply_Queue,76]
2016-03-14 14:17:03,832 [INFO] laptop0 [Thread - pool-7-thread-8] handleRabbitMessage - Received response from, with corr id: [RECV,VDOrders,DKD.DKDEM02.DKDJ020107,69]
2016-03-14 14:17:03,832 [INFO] laptop0 [Thread - pool-7-thread-8] handleRabbitMessage - Answering to, with corr id: [SEND,,VDReply_Queue,69]
2016-03-14 14:17:03,832 [INFO] laptop0 [Thread - pool-7-thread-2] handleRabbitMessage - Received response from, with corr id: [RECV,VDOrders,DKD.DKDEM05.DKDJ050102,68]
2016-03-14 14:17:03,832 [INFO] laptop0 [Thread - pool-7-thread-2] handleRabbitMessage - Answering to, with corr id: [SEND,,VDReply_Queue,68]
2016-03-14 14:17:03,864 [INFO] laptop0 [Thread - pool-7-thread-18] handleRabbitMessage - Received response from, with corr id: [RECV,VDOrders,DKD.DKDEM09.zwave01625CBE_394301,59]
2016-03-14 14:17:03,864 [INFO] laptop0 [Thread - pool-7-thread-18] handleRabbitMessage - Answering to, with corr id: [SEND,,VDReply_Queue,59]
2016-03-14 14:17:03,879 [INFO] laptop0 [Thread - pool-7-thread-3] handleRabbitMessage - Received response from, with corr id: [RECV,VDOrders,DKD.DKDEM09.zwave01625CBE_33882161,58]
2016-03-14 14:17:03,879 [INFO] laptop0 [Thread - pool-7-thread-3] handleRabbitMessage - Answering to, with corr id: [SEND,,VDReply_Queue,58]
2016-03-14 14:17:03,895 [INFO] laptop0 [Thread - pool-7-thread-5] handleRabbitMessage - Received response from, with corr id: [RECV,VDOrders,DKD.DKDEM03.DKDJ030103,88]
2016-03-14 14:17:03,895 [INFO] laptop0 [Thread - pool-7-thread-5] handleRabbitMessage - Answering to, with corr id: [SEND,,VDReply_Queue,88]
2016-03-14 14:17:03,910 [INFO] laptop0 [Thread - pool-7-thread-9] handleRabbitMessage - Received response from, with corr id: [RECV,VDOrders,DKD.DKDEM09.zwave01625CBE_524336,89]
2016-03-14 14:17:03,910 [INFO] laptop0 [Thread - pool-7-thread-9] handleRabbitMessage - Answering to, with corr id: [SEND,,VDReply_Queue,89]
2016-03-14 14:17:03,926 [INFO] laptop0 [Thread - pool-7-thread-10] handleRabbitMessage - Received response from, with corr id: [RECV,VDOrders,DKD.DKDEM09.zwave01625CBE_393248,108]
2016-03-14 14:17:03,926 [INFO] laptop0 [Thread - pool-7-thread-10] handleRabbitMessage - Answering to, with corr id: [SEND,,VDReply_Queue,108]
2016-03-14 14:17:03,942 [INFO] laptop0 [Thread - pool-7-thread-14] handleRabbitMessage - Received response from, with corr id: [RECV,VDOrders,DKD.DKDEM01.DKDJ010105,109]
2016-03-14 14:17:03,942 [INFO] laptop0 [Thread - pool-7-thread-14] handleRabbitMessage - Answering to, with corr id: [SEND,,VDReply_Queue,109]
2016-03-14 14:17:03,957 [INFO] laptop0 [Thread - pool-7-thread-16] handleRabbitMessage - Received response from, with corr id: [RECV,VDOrders,DKD.DKDEM06.DKDJ060106,99]
2016-03-14 14:17:03,957 [INFO] laptop0 [Thread - pool-7-thread-16] handleRabbitMessage - Answering to, with corr id: [SEND,,VDReply_Queue,99]
2016-03-14 14:17:03,973 [INFO] laptop0 [Thread - pool-7-thread-15] handleRabbitMessage - Received response from, with corr id: [RECV,VDOrders,DKD.DKDEM04.DKDJ040107,98]
2016-03-14 14:17:03,973 [INFO] laptop0 [Thread - pool-7-thread-15] handleRabbitMessage - Answering to, with corr id: [SEND,,VDReply_Queue,98]
2016-03-14 14:17:04,020 [INFO] laptop0 [Thread - pool-7-thread-8] handleRabbitMessage - Received response from, with corr id: [RECV,VDOrders,DKD.DKDEM09.zwave01625CBE_131200,28]
2016-03-14 14:17:04,020 [INFO] laptop0 [Thread - pool-7-thread-8] handleRabbitMessage - Answering to, with corr id: [SEND,,VDReply_Queue,28]
2016-03-14 14:17:04,020 [INFO] laptop0 [Thread - pool-7-thread-2] handleRabbitMessage - Received response from, with corr id: [RECV,VDOrders,DKD.DKDEM09.zwave01625CBE_460605,49]
2016-03-14 14:17:04,020 [INFO] laptop0 [Thread - pool-7-thread-2] handleRabbitMessage - Answering to, with corr id: [SEND,,VDReply_Queue,49]
2016-03-14 14:17:04,051 [INFO] laptop0 [Thread - pool-7-thread-18] handleRabbitMessage - Received response from, with corr id: [RECV,VDOrders,DKD.DKDEM08.DKDJ080104,48]
2016-03-14 14:17:04,051 [INFO] laptop0 [Thread - pool-7-thread-18] handleRabbitMessage - Answering to, with corr id: [SEND,,VDReply_Queue,48]
2016-03-14 14:17:04,051 [INFO] laptop0 [Thread - pool-7-thread-7] handleRabbitMessage - Received response from, with corr id: [RECV,VDOrders,DKD.DKDEM04.DKDJ040108,39]
2016-03-14 14:17:04,051 [INFO] laptop0 [Thread - pool-7-thread-7] handleRabbitMessage - Answering to, with corr id: [SEND,,VDReply_Queue,39]
2016-03-14 14:17:04,082 [INFO] laptop0 [Thread - pool-7-thread-5] handleRabbitMessage - Received response from, with corr id: [RECV,VDOrders,DKD.DKDEM06.DKDJ060102,29]
2016-03-14 14:17:04,082 [INFO] laptop0 [Thread - pool-7-thread-5] handleRabbitMessage - Answering to, with corr id: [SEND,,VDReply_Queue,29]
2016-03-14 14:17:04,098 [INFO] laptop0 [Thread - pool-7-thread-9] handleRabbitMessage - Received response from, with corr id: [RECV,VDOrders,DKD.DKDEM09.zwave01625CBE_394336,38]
2016-03-14 14:17:04,098 [INFO] laptop0 [Thread - pool-7-thread-12] handleRabbitMessage - Received response from, with corr id: [RECV,VDOrders,DKD.DKDEM09.zwave01625CBE_393533,19]
2016-03-14 14:17:04,098 [INFO] laptop0 [Thread - pool-7-thread-9] handleRabbitMessage - Answering to, with corr id: [SEND,,VDReply_Queue,38]
2016-03-14 14:17:04,098 [INFO] laptop0 [Thread - pool-7-thread-12] handleRabbitMessage - Answering to, with corr id: [SEND,,VDReply_Queue,19]
2016-03-14 14:17:04,098 [INFO] laptop0 [Thread - pool-7-thread-14] handleRabbitMessage - Received response from, with corr id: [RECV,VDOrders,DKD.DKDEM08.DKDJ080105,18]
2016-03-14 14:17:04,098 [INFO] laptop0 [Thread - pool-7-thread-14] handleRabbitMessage - Answering to, with corr id: [SEND,,VDReply_Queue,18]
2016-03-14 14:17:04,129 [INFO] laptop0 [Thread - pool-7-thread-16] handleRabbitMessage - Received response from, with corr id: [RECV,VDOrders,DKD.DKDEM09.DKDJ090105,78]
2016-03-14 14:17:04,129 [INFO] laptop0 [Thread - pool-7-thread-16] handleRabbitMessage - Answering to, with corr id: [SEND,,VDReply_Queue,78]
2016-03-14 14:17:04,145 [INFO] laptop0 [Thread - pool-7-thread-15] handleRabbitMessage - Received response from, with corr id: [RECV,VDOrders,DKD.DKDEM09.zwave01625CBE_262272,70]
2016-03-14 14:17:04,145 [INFO] laptop0 [Thread - pool-7-thread-15] handleRabbitMessage - Answering to, with corr id: [SEND,,VDReply_Queue,70]
2016-03-14 14:17:04,160 [INFO] laptop0 [Thread - pool-7-thread-8] handleRabbitMessage - Received response from, with corr id: [RECV,VDOrders,DKD.DKDEM09.zwave01625CBE_460093,60]
2016-03-14 14:17:04,160 [INFO] laptop0 [Thread - pool-7-thread-8] handleRabbitMessage - Answering to, with corr id: [SEND,,VDReply_Queue,60]
2016-03-14 14:17:04,160 [INFO] laptop0 [Thread - pool-7-thread-2] handleRabbitMessage - Received response from, with corr id: [RECV,VDOrders,DKD.DKDEM05.DKDJ050103,79]
2016-03-14 14:17:04,160 [INFO] laptop0 [Thread - pool-7-thread-2] handleRabbitMessage - Answering to, with corr id: [SEND,,VDReply_Queue,79]
2016-03-14 14:17:04,192 [INFO] laptop0 [Thread - pool-7-thread-18] handleRabbitMessage - Received response from, with corr id: [RECV,VDOrders,DKD.DKDEM09.zwave01625CBE_524861,110]
2016-03-14 14:17:04,192 [INFO] laptop0 [Thread - pool-7-thread-18] handleRabbitMessage - Answering to, with corr id: [SEND,,VDReply_Queue,110]
2016-03-14 14:17:04,207 [INFO] laptop0 [Thread - pool-7-thread-7] handleRabbitMessage - Received response from, with corr id: [RECV,VDOrders,DKD.DKDEM09.zwave01625CBE_459325,90]
2016-03-14 14:17:04,207 [INFO] laptop0 [Thread - pool-7-thread-7] handleRabbitMessage - Answering to, with corr id: [SEND,,VDReply_Queue,90]
2016-03-14 14:17:04,207 [INFO] laptop0 [Thread - pool-7-thread-5] handleRabbitMessage - Received response from, with corr id: [RECV,VDOrders,DKD.DKDEM09.zwave01625CBE_393824,100]
2016-03-14 14:17:04,207 [INFO] laptop0 [Thread - pool-7-thread-5] handleRabbitMessage - Answering to, with corr id: [SEND,,VDReply_Queue,100]
2016-03-14 14:17:04,238 [INFO] laptop0 [Thread - pool-7-thread-10] handleRabbitMessage - Received response from, with corr id: [RECV,VDOrders,DKD.DKDEM04.DKDJ040105,50]
2016-03-14 14:17:04,238 [INFO] laptop0 [Thread - pool-7-thread-10] handleRabbitMessage - Answering to, with corr id: [SEND,,VDReply_Queue,50]
2016-03-14 14:17:04,270 [INFO] laptop0 [Thread - pool-7-thread-12] handleRabbitMessage - Received response from, with corr id: [RECV,VDOrders,DKD.DKDEM09.DKDJ090106,30]
2016-03-14 14:17:04,285 [INFO] laptop0 [Thread - pool-7-thread-12] handleRabbitMessage - Answering to, with corr id: [SEND,,VDReply_Queue,30]
2016-03-14 14:17:04,285 [INFO] laptop0 [Thread - pool-7-thread-14] handleRabbitMessage - Received response from, with corr id: [RECV,VDOrders,DKD.DKDEM05.DKDJ050103,80]
2016-03-14 14:17:04,285 [INFO] laptop0 [Thread - pool-7-thread-14] handleRabbitMessage - Answering to, with corr id: [SEND,,VDReply_Queue,80]
2016-03-14 14:17:04,317 [INFO] laptop0 [Thread - pool-7-thread-16] handleRabbitMessage - Received response from, with corr id: [RECV,VDOrders,DKD.DKDEM09.DKDJ090106,40]
2016-03-14 14:17:04,317 [INFO] laptop0 [Thread - pool-7-thread-16] handleRabbitMessage - Answering to, with corr id: [SEND,,VDReply_Queue,40]
2016-03-14 14:17:04,332 [INFO] laptop0 [Thread - pool-7-thread-6] handleRabbitMessage - Received response from, with corr id: [RECV,VDOrders,DKD.DKDEM09.DKDJ090107,20]
2016-03-14 14:17:04,332 [INFO] laptop0 [Thread - pool-7-thread-6] handleRabbitMessage - Answering to, with corr id: [SEND,,VDReply_Queue,20]
